[INFO] Scanning for projects...
[INFO] 
[INFO] ------------------------< com.livepix:livepix >-------------------------
[INFO] Building livepix 0.0.1-SNAPSHOT
[INFO]   from pom.xml
[INFO] --------------------------------[ jar ]---------------------------------
[INFO] 
[INFO] --- clean:3.5.0:clean (default-clean) @ livepix ---
[INFO] Deleting D:\livepix-backend\target
[INFO] 
[INFO] --- resources:3.3.1:resources (default-resources) @ livepix ---
[INFO] Copying 1 resource from src\main\resources to target\classes
[INFO] Copying 0 resource from src\main\resources to target\classes
[INFO] 
[INFO] --- compiler:3.14.1:compile (default-compile) @ livepix ---
[INFO] Recompiling the module because of changed source code.
[INFO] Compiling 19 source files with javac [debug parameters release 21] to target\classes
[INFO] ------------------------------------------------------------------------
[INFO] BUILD SUCCESS
[INFO] ------------------------------------------------------------------------
[INFO] Total time:  6.601 s
[INFO] Finished at: 2026-01-28T00:07:57-03:00
[INFO] ------------------------------------------------------------------------
